{"/home/felipe.manzoni/Documents/Meliuz/Meliuz_Repo/GAMA/my-git/meliuzrnt2/src/stacks.tsx": {"path":"/home/felipe.manzoni/Documents/Meliuz/Meliuz_Repo/GAMA/my-git/meliuzrnt2/src/stacks.tsx","statementMap":{"0":{"start":{"line":16,"column":13},"end":{"line":16,"column":39}},"1":{"start":{"line":18,"column":35},"end":{"line":83,"column":1}},"2":{"start":{"line":19,"column":2},"end":{"line":82,"column":4}},"3":{"start":{"line":34,"column":14},"end":{"line":34,"column":78}},"4":{"start":{"line":44,"column":14},"end":{"line":48,"column":16}},"5":{"start":{"line":58,"column":14},"end":{"line":62,"column":16}},"6":{"start":{"line":72,"column":14},"end":{"line":76,"column":16}},"7":{"start":{"line":85,"column":24},"end":{"line":91,"column":1}},"8":{"start":{"line":86,"column":2},"end":{"line":90,"column":4}}},"fnMap":{"0":{"name":"(anonymous_0)","decl":{"start":{"line":18,"column":35},"end":{"line":18,"column":36}},"loc":{"start":{"line":18,"column":41},"end":{"line":83,"column":1}},"line":18},"1":{"name":"(anonymous_1)","decl":{"start":{"line":33,"column":24},"end":{"line":33,"column":25}},"loc":{"start":{"line":34,"column":14},"end":{"line":34,"column":78}},"line":34},"2":{"name":"(anonymous_2)","decl":{"start":{"line":43,"column":24},"end":{"line":43,"column":25}},"loc":{"start":{"line":44,"column":14},"end":{"line":48,"column":16}},"line":44},"3":{"name":"(anonymous_3)","decl":{"start":{"line":57,"column":24},"end":{"line":57,"column":25}},"loc":{"start":{"line":58,"column":14},"end":{"line":62,"column":16}},"line":58},"4":{"name":"(anonymous_4)","decl":{"start":{"line":71,"column":24},"end":{"line":71,"column":25}},"loc":{"start":{"line":72,"column":14},"end":{"line":76,"column":16}},"line":72},"5":{"name":"(anonymous_5)","decl":{"start":{"line":85,"column":24},"end":{"line":85,"column":25}},"loc":{"start":{"line":85,"column":30},"end":{"line":91,"column":1}},"line":85}},"branchMap":{},"s":{"0":0,"1":0,"2":0,"3":0,"4":0,"5":0,"6":0,"7":0,"8":0},"f":{"0":0,"1":0,"2":0,"3":0,"4":0,"5":0},"b":{}}
,"/home/felipe.manzoni/Documents/Meliuz/Meliuz_Repo/GAMA/my-git/meliuzrnt2/src/components/Hello/index.tsx": {"path":"/home/felipe.manzoni/Documents/Meliuz/Meliuz_Repo/GAMA/my-git/meliuzrnt2/src/components/Hello/index.tsx","statementMap":{"0":{"start":{"line":4,"column":24},"end":{"line":10,"column":1}},"1":{"start":{"line":5,"column":2},"end":{"line":9,"column":4}}},"fnMap":{"0":{"name":"(anonymous_0)","decl":{"start":{"line":4,"column":24},"end":{"line":4,"column":25}},"loc":{"start":{"line":4,"column":30},"end":{"line":10,"column":1}},"line":4}},"branchMap":{},"s":{"0":1,"1":4},"f":{"0":4},"b":{},"_coverageSchema":"1a1c01bbd47fc00a2c39e90264f33305004495a9","hash":"5576de7b1d3cd66e238c8aea877780d63bbe2d5e"}
,"/home/felipe.manzoni/Documents/Meliuz/Meliuz_Repo/GAMA/my-git/meliuzrnt2/src/components/IsAuth/index.tsx": {"path":"/home/felipe.manzoni/Documents/Meliuz/Meliuz_Repo/GAMA/my-git/meliuzrnt2/src/components/IsAuth/index.tsx","statementMap":{"0":{"start":{"line":22,"column":25},"end":{"line":131,"column":1}},"1":{"start":{"line":23,"column":22},"end":{"line":23,"column":63}},"2":{"start":{"line":23,"column":52},"end":{"line":23,"column":62}},"3":{"start":{"line":24,"column":34},"end":{"line":26,"column":3}},"4":{"start":{"line":27,"column":46},"end":{"line":29,"column":3}},"5":{"start":{"line":31,"column":31},"end":{"line":63,"column":3}},"6":{"start":{"line":32,"column":4},"end":{"line":62,"column":9}},"7":{"start":{"line":40,"column":8},"end":{"line":46,"column":9}},"8":{"start":{"line":41,"column":10},"end":{"line":41,"column":29}},"9":{"start":{"line":42,"column":10},"end":{"line":45,"column":13}},"10":{"start":{"line":49,"column":8},"end":{"line":49,"column":26}},"11":{"start":{"line":50,"column":8},"end":{"line":50,"column":26}},"12":{"start":{"line":51,"column":8},"end":{"line":54,"column":11}},"13":{"start":{"line":57,"column":8},"end":{"line":61,"column":11}},"14":{"start":{"line":65,"column":27},"end":{"line":71,"column":3}},"15":{"start":{"line":66,"column":4},"end":{"line":70,"column":6}},"16":{"start":{"line":73,"column":26},"end":{"line":79,"column":3}},"17":{"start":{"line":74,"column":4},"end":{"line":78,"column":6}},"18":{"start":{"line":81,"column":31},"end":{"line":99,"column":3}},"19":{"start":{"line":82,"column":4},"end":{"line":98,"column":5}},"20":{"start":{"line":83,"column":6},"end":{"line":89,"column":8}},"21":{"start":{"line":91,"column":6},"end":{"line":97,"column":8}},"22":{"start":{"line":101,"column":2},"end":{"line":130,"column":4}},"23":{"start":{"line":108,"column":27},"end":{"line":108,"column":69}},"24":{"start":{"line":114,"column":27},"end":{"line":114,"column":66}},"25":{"start":{"line":120,"column":27},"end":{"line":120,"column":73}},"26":{"start":{"line":133,"column":15},"end":{"line":152,"column":2}}},"fnMap":{"0":{"name":"(anonymous_0)","decl":{"start":{"line":22,"column":25},"end":{"line":22,"column":26}},"loc":{"start":{"line":22,"column":31},"end":{"line":131,"column":1}},"line":22},"1":{"name":"(anonymous_1)","decl":{"start":{"line":23,"column":34},"end":{"line":23,"column":35}},"loc":{"start":{"line":23,"column":52},"end":{"line":23,"column":62}},"line":23},"2":{"name":"(anonymous_2)","decl":{"start":{"line":31,"column":31},"end":{"line":31,"column":32}},"loc":{"start":{"line":31,"column":37},"end":{"line":63,"column":3}},"line":31},"3":{"name":"(anonymous_3)","decl":{"start":{"line":39,"column":12},"end":{"line":39,"column":13}},"loc":{"start":{"line":39,"column":19},"end":{"line":47,"column":7}},"line":39},"4":{"name":"(anonymous_4)","decl":{"start":{"line":48,"column":13},"end":{"line":48,"column":14}},"loc":{"start":{"line":48,"column":20},"end":{"line":55,"column":7}},"line":48},"5":{"name":"(anonymous_5)","decl":{"start":{"line":56,"column":15},"end":{"line":56,"column":16}},"loc":{"start":{"line":56,"column":21},"end":{"line":62,"column":7}},"line":56},"6":{"name":"(anonymous_6)","decl":{"start":{"line":65,"column":27},"end":{"line":65,"column":28}},"loc":{"start":{"line":65,"column":33},"end":{"line":71,"column":3}},"line":65},"7":{"name":"(anonymous_7)","decl":{"start":{"line":73,"column":26},"end":{"line":73,"column":27}},"loc":{"start":{"line":73,"column":32},"end":{"line":79,"column":3}},"line":73},"8":{"name":"(anonymous_8)","decl":{"start":{"line":81,"column":31},"end":{"line":81,"column":32}},"loc":{"start":{"line":81,"column":37},"end":{"line":99,"column":3}},"line":81},"9":{"name":"(anonymous_9)","decl":{"start":{"line":108,"column":22},"end":{"line":108,"column":23}},"loc":{"start":{"line":108,"column":27},"end":{"line":108,"column":69}},"line":108},"10":{"name":"(anonymous_10)","decl":{"start":{"line":114,"column":22},"end":{"line":114,"column":23}},"loc":{"start":{"line":114,"column":27},"end":{"line":114,"column":66}},"line":114},"11":{"name":"(anonymous_11)","decl":{"start":{"line":120,"column":22},"end":{"line":120,"column":23}},"loc":{"start":{"line":120,"column":27},"end":{"line":120,"column":73}},"line":120}},"branchMap":{"0":{"loc":{"start":{"line":40,"column":8},"end":{"line":46,"column":9}},"type":"if","locations":[{"start":{"line":40,"column":8},"end":{"line":46,"column":9}},{"start":{},"end":{}}],"line":40},"1":{"loc":{"start":{"line":82,"column":4},"end":{"line":98,"column":5}},"type":"if","locations":[{"start":{"line":82,"column":4},"end":{"line":98,"column":5}},{"start":{"line":90,"column":11},"end":{"line":98,"column":5}}],"line":82}},"s":{"0":0,"1":0,"2":0,"3":0,"4":0,"5":0,"6":0,"7":0,"8":0,"9":0,"10":0,"11":0,"12":0,"13":0,"14":0,"15":0,"16":0,"17":0,"18":0,"19":0,"20":0,"21":0,"22":0,"23":0,"24":0,"25":0,"26":0},"f":{"0":0,"1":0,"2":0,"3":0,"4":0,"5":0,"6":0,"7":0,"8":0,"9":0,"10":0,"11":0},"b":{"0":[0,0],"1":[0,0]}}
,"/home/felipe.manzoni/Documents/Meliuz/Meliuz_Repo/GAMA/my-git/meliuzrnt2/src/hook/redirects.ts": {"path":"/home/felipe.manzoni/Documents/Meliuz/Meliuz_Repo/GAMA/my-git/meliuzrnt2/src/hook/redirects.ts","statementMap":{},"fnMap":{},"branchMap":{},"s":{},"f":{},"b":{}}
,"/home/felipe.manzoni/Documents/Meliuz/Meliuz_Repo/GAMA/my-git/meliuzrnt2/src/screens/dash/index.tsx": {"path":"/home/felipe.manzoni/Documents/Meliuz/Meliuz_Repo/GAMA/my-git/meliuzrnt2/src/screens/dash/index.tsx","statementMap":{"0":{"start":{"line":7,"column":23},"end":{"line":13,"column":1}},"1":{"start":{"line":8,"column":2},"end":{"line":12,"column":4}},"2":{"start":{"line":17,"column":15},"end":{"line":23,"column":2}}},"fnMap":{"0":{"name":"(anonymous_0)","decl":{"start":{"line":7,"column":23},"end":{"line":7,"column":24}},"loc":{"start":{"line":7,"column":29},"end":{"line":13,"column":1}},"line":7}},"branchMap":{},"s":{"0":0,"1":0,"2":0},"f":{"0":0},"b":{}}
,"/home/felipe.manzoni/Documents/Meliuz/Meliuz_Repo/GAMA/my-git/meliuzrnt2/src/screens/onboarding/index.tsx": {"path":"/home/felipe.manzoni/Documents/Meliuz/Meliuz_Repo/GAMA/my-git/meliuzrnt2/src/screens/onboarding/index.tsx","statementMap":{"0":{"start":{"line":14,"column":29},"end":{"line":49,"column":1}},"1":{"start":{"line":15,"column":19},"end":{"line":15,"column":34}},"2":{"start":{"line":17,"column":24},"end":{"line":19,"column":3}},"3":{"start":{"line":18,"column":4},"end":{"line":18,"column":24}},"4":{"start":{"line":21,"column":2},"end":{"line":48,"column":4}},"5":{"start":{"line":37,"column":27},"end":{"line":37,"column":55}},"6":{"start":{"line":43,"column":27},"end":{"line":43,"column":50}},"7":{"start":{"line":51,"column":15},"end":{"line":72,"column":2}}},"fnMap":{"0":{"name":"(anonymous_0)","decl":{"start":{"line":14,"column":29},"end":{"line":14,"column":30}},"loc":{"start":{"line":14,"column":35},"end":{"line":49,"column":1}},"line":14},"1":{"name":"(anonymous_1)","decl":{"start":{"line":17,"column":24},"end":{"line":17,"column":25}},"loc":{"start":{"line":17,"column":43},"end":{"line":19,"column":3}},"line":17},"2":{"name":"(anonymous_2)","decl":{"start":{"line":37,"column":21},"end":{"line":37,"column":22}},"loc":{"start":{"line":37,"column":27},"end":{"line":37,"column":55}},"line":37},"3":{"name":"(anonymous_3)","decl":{"start":{"line":43,"column":21},"end":{"line":43,"column":22}},"loc":{"start":{"line":43,"column":27},"end":{"line":43,"column":50}},"line":43}},"branchMap":{},"s":{"0":0,"1":0,"2":0,"3":0,"4":0,"5":0,"6":0,"7":0},"f":{"0":0,"1":0,"2":0,"3":0},"b":{}}
,"/home/felipe.manzoni/Documents/Meliuz/Meliuz_Repo/GAMA/my-git/meliuzrnt2/src/screens/signin/index.tsx": {"path":"/home/felipe.manzoni/Documents/Meliuz/Meliuz_Repo/GAMA/my-git/meliuzrnt2/src/screens/signin/index.tsx","statementMap":{"0":{"start":{"line":27,"column":25},"end":{"line":130,"column":1}},"1":{"start":{"line":28,"column":19},"end":{"line":28,"column":32}},"2":{"start":{"line":29,"column":22},"end":{"line":29,"column":56}},"3":{"start":{"line":29,"column":50},"end":{"line":29,"column":55}},"4":{"start":{"line":30,"column":26},"end":{"line":30,"column":54}},"5":{"start":{"line":31,"column":33},"end":{"line":31,"column":48}},"6":{"start":{"line":33,"column":22},"end":{"line":54,"column":3}},"7":{"start":{"line":34,"column":4},"end":{"line":53,"column":9}},"8":{"start":{"line":41,"column":8},"end":{"line":41,"column":37}},"9":{"start":{"line":42,"column":8},"end":{"line":42,"column":30}},"10":{"start":{"line":43,"column":8},"end":{"line":45,"column":17}},"11":{"start":{"line":44,"column":10},"end":{"line":44,"column":38}},"12":{"start":{"line":47,"column":20},"end":{"line":47,"column":37}},"13":{"start":{"line":49,"column":8},"end":{"line":52,"column":11}},"14":{"start":{"line":56,"column":22},"end":{"line":66,"column":3}},"15":{"start":{"line":57,"column":4},"end":{"line":65,"column":5}},"16":{"start":{"line":58,"column":32},"end":{"line":58,"column":73}},"17":{"start":{"line":59,"column":23},"end":{"line":59,"column":39}},"18":{"start":{"line":60,"column":22},"end":{"line":60,"column":39}},"19":{"start":{"line":62,"column":6},"end":{"line":62,"column":47}},"20":{"start":{"line":64,"column":6},"end":{"line":64,"column":19}},"21":{"start":{"line":68,"column":2},"end":{"line":72,"column":20}},"22":{"start":{"line":69,"column":4},"end":{"line":71,"column":5}},"23":{"start":{"line":70,"column":6},"end":{"line":70,"column":34}},"24":{"start":{"line":74,"column":25},"end":{"line":76,"column":3}},"25":{"start":{"line":75,"column":4},"end":{"line":75,"column":39}},"26":{"start":{"line":78,"column":2},"end":{"line":129,"column":4}},"27":{"start":{"line":96,"column":33},"end":{"line":96,"column":61}},"28":{"start":{"line":111,"column":33},"end":{"line":111,"column":64}},"29":{"start":{"line":134,"column":15},"end":{"line":189,"column":2}}},"fnMap":{"0":{"name":"(anonymous_0)","decl":{"start":{"line":27,"column":25},"end":{"line":27,"column":26}},"loc":{"start":{"line":27,"column":31},"end":{"line":130,"column":1}},"line":27},"1":{"name":"(anonymous_1)","decl":{"start":{"line":29,"column":34},"end":{"line":29,"column":35}},"loc":{"start":{"line":29,"column":50},"end":{"line":29,"column":55}},"line":29},"2":{"name":"(anonymous_2)","decl":{"start":{"line":33,"column":22},"end":{"line":33,"column":23}},"loc":{"start":{"line":33,"column":28},"end":{"line":54,"column":3}},"line":33},"3":{"name":"(anonymous_3)","decl":{"start":{"line":40,"column":12},"end":{"line":40,"column":13}},"loc":{"start":{"line":40,"column":19},"end":{"line":46,"column":7}},"line":40},"4":{"name":"(anonymous_4)","decl":{"start":{"line":43,"column":19},"end":{"line":43,"column":20}},"loc":{"start":{"line":43,"column":25},"end":{"line":45,"column":9}},"line":43},"5":{"name":"(anonymous_5)","decl":{"start":{"line":47,"column":13},"end":{"line":47,"column":14}},"loc":{"start":{"line":47,"column":20},"end":{"line":47,"column":37}},"line":47},"6":{"name":"(anonymous_6)","decl":{"start":{"line":48,"column":15},"end":{"line":48,"column":16}},"loc":{"start":{"line":48,"column":21},"end":{"line":53,"column":7}},"line":48},"7":{"name":"(anonymous_7)","decl":{"start":{"line":56,"column":22},"end":{"line":56,"column":23}},"loc":{"start":{"line":56,"column":28},"end":{"line":66,"column":3}},"line":56},"8":{"name":"(anonymous_8)","decl":{"start":{"line":68,"column":12},"end":{"line":68,"column":13}},"loc":{"start":{"line":68,"column":18},"end":{"line":72,"column":3}},"line":68},"9":{"name":"(anonymous_9)","decl":{"start":{"line":74,"column":25},"end":{"line":74,"column":26}},"loc":{"start":{"line":74,"column":31},"end":{"line":76,"column":3}},"line":74},"10":{"name":"(anonymous_10)","decl":{"start":{"line":96,"column":28},"end":{"line":96,"column":29}},"loc":{"start":{"line":96,"column":33},"end":{"line":96,"column":61}},"line":96},"11":{"name":"(anonymous_11)","decl":{"start":{"line":111,"column":28},"end":{"line":111,"column":29}},"loc":{"start":{"line":111,"column":33},"end":{"line":111,"column":64}},"line":111}},"branchMap":{"0":{"loc":{"start":{"line":57,"column":4},"end":{"line":65,"column":5}},"type":"if","locations":[{"start":{"line":57,"column":4},"end":{"line":65,"column":5}},{"start":{"line":63,"column":11},"end":{"line":65,"column":5}}],"line":57},"1":{"loc":{"start":{"line":62,"column":13},"end":{"line":62,"column":46}},"type":"cond-expr","locations":[{"start":{"line":62,"column":34},"end":{"line":62,"column":39}},{"start":{"line":62,"column":42},"end":{"line":62,"column":46}}],"line":62},"2":{"loc":{"start":{"line":69,"column":4},"end":{"line":71,"column":5}},"type":"if","locations":[{"start":{"line":69,"column":4},"end":{"line":71,"column":5}},{"start":{},"end":{}}],"line":69}},"s":{"0":0,"1":0,"2":0,"3":0,"4":0,"5":0,"6":0,"7":0,"8":0,"9":0,"10":0,"11":0,"12":0,"13":0,"14":0,"15":0,"16":0,"17":0,"18":0,"19":0,"20":0,"21":0,"22":0,"23":0,"24":0,"25":0,"26":0,"27":0,"28":0,"29":0},"f":{"0":0,"1":0,"2":0,"3":0,"4":0,"5":0,"6":0,"7":0,"8":0,"9":0,"10":0,"11":0},"b":{"0":[0,0],"1":[0,0],"2":[0,0]}}
,"/home/felipe.manzoni/Documents/Meliuz/Meliuz_Repo/GAMA/my-git/meliuzrnt2/src/screens/signup/index.tsx": {"path":"/home/felipe.manzoni/Documents/Meliuz/Meliuz_Repo/GAMA/my-git/meliuzrnt2/src/screens/signup/index.tsx","statementMap":{"0":{"start":{"line":18,"column":25},"end":{"line":122,"column":1}},"1":{"start":{"line":19,"column":33},"end":{"line":19,"column":48}},"2":{"start":{"line":21,"column":26},"end":{"line":21,"column":54}},"3":{"start":{"line":23,"column":22},"end":{"line":25,"column":3}},"4":{"start":{"line":24,"column":4},"end":{"line":24,"column":34}},"5":{"start":{"line":27,"column":25},"end":{"line":46,"column":24}},"6":{"start":{"line":28,"column":4},"end":{"line":45,"column":9}},"7":{"start":{"line":31,"column":8},"end":{"line":31,"column":38}},"8":{"start":{"line":32,"column":8},"end":{"line":36,"column":11}},"9":{"start":{"line":38,"column":19},"end":{"line":38,"column":33}},"10":{"start":{"line":40,"column":8},"end":{"line":44,"column":11}},"11":{"start":{"line":48,"column":2},"end":{"line":121,"column":4}},"12":{"start":{"line":74,"column":33},"end":{"line":74,"column":60}},"13":{"start":{"line":89,"column":33},"end":{"line":89,"column":61}},"14":{"start":{"line":103,"column":33},"end":{"line":103,"column":64}},"15":{"start":{"line":126,"column":15},"end":{"line":190,"column":2}}},"fnMap":{"0":{"name":"(anonymous_0)","decl":{"start":{"line":18,"column":25},"end":{"line":18,"column":26}},"loc":{"start":{"line":18,"column":31},"end":{"line":122,"column":1}},"line":18},"1":{"name":"(anonymous_1)","decl":{"start":{"line":23,"column":22},"end":{"line":23,"column":23}},"loc":{"start":{"line":23,"column":28},"end":{"line":25,"column":3}},"line":23},"2":{"name":"(anonymous_2)","decl":{"start":{"line":27,"column":37},"end":{"line":27,"column":38}},"loc":{"start":{"line":27,"column":43},"end":{"line":46,"column":3}},"line":27},"3":{"name":"(anonymous_3)","decl":{"start":{"line":30,"column":12},"end":{"line":30,"column":13}},"loc":{"start":{"line":30,"column":18},"end":{"line":37,"column":7}},"line":30},"4":{"name":"(anonymous_4)","decl":{"start":{"line":38,"column":13},"end":{"line":38,"column":14}},"loc":{"start":{"line":38,"column":19},"end":{"line":38,"column":33}},"line":38},"5":{"name":"(anonymous_5)","decl":{"start":{"line":39,"column":15},"end":{"line":39,"column":16}},"loc":{"start":{"line":39,"column":21},"end":{"line":45,"column":7}},"line":39},"6":{"name":"(anonymous_6)","decl":{"start":{"line":74,"column":28},"end":{"line":74,"column":29}},"loc":{"start":{"line":74,"column":33},"end":{"line":74,"column":60}},"line":74},"7":{"name":"(anonymous_7)","decl":{"start":{"line":89,"column":28},"end":{"line":89,"column":29}},"loc":{"start":{"line":89,"column":33},"end":{"line":89,"column":61}},"line":89},"8":{"name":"(anonymous_8)","decl":{"start":{"line":103,"column":28},"end":{"line":103,"column":29}},"loc":{"start":{"line":103,"column":33},"end":{"line":103,"column":64}},"line":103}},"branchMap":{},"s":{"0":0,"1":0,"2":0,"3":0,"4":0,"5":0,"6":0,"7":0,"8":0,"9":0,"10":0,"11":0,"12":0,"13":0,"14":0,"15":0},"f":{"0":0,"1":0,"2":0,"3":0,"4":0,"5":0,"6":0,"7":0,"8":0},"b":{}}
,"/home/felipe.manzoni/Documents/Meliuz/Meliuz_Repo/GAMA/my-git/meliuzrnt2/src/services/index.ts": {"path":"/home/felipe.manzoni/Documents/Meliuz/Meliuz_Repo/GAMA/my-git/meliuzrnt2/src/services/index.ts","statementMap":{"0":{"start":{"line":3,"column":12},"end":{"line":5,"column":2}}},"fnMap":{},"branchMap":{},"s":{"0":0},"f":{},"b":{}}
,"/home/felipe.manzoni/Documents/Meliuz/Meliuz_Repo/GAMA/my-git/meliuzrnt2/src/types/index.ts": {"path":"/home/felipe.manzoni/Documents/Meliuz/Meliuz_Repo/GAMA/my-git/meliuzrnt2/src/types/index.ts","statementMap":{},"fnMap":{},"branchMap":{},"s":{},"f":{},"b":{}}
}
