TN:
SF:src/stacks.tsx
FN:18,(anonymous_0)
FN:34,(anonymous_1)
FN:45,(anonymous_2)
FN:60,(anonymous_3)
FN:75,(anonymous_4)
FN:89,(anonymous_5)
FNF:6
FNH:0
FNDA:0,(anonymous_0)
FNDA:0,(anonymous_1)
FNDA:0,(anonymous_2)
FNDA:0,(anonymous_3)
FNDA:0,(anonymous_4)
FNDA:0,(anonymous_5)
DA:16,0
DA:18,0
DA:19,0
DA:35,0
DA:46,0
DA:61,0
DA:76,0
DA:89,0
DA:90,0
LF:9
LH:0
BRF:0
BRH:0
end_of_record
TN:
SF:src/components/Hello/index.tsx
FN:4,(anonymous_0)
FN:10,(anonymous_1)
FN:21,(anonymous_2)
FN:26,(anonymous_3)
FNF:4
FNH:0
FNDA:0,(anonymous_0)
FNDA:0,(anonymous_1)
FNDA:0,(anonymous_2)
FNDA:0,(anonymous_3)
DA:4,0
DA:5,0
DA:9,0
DA:10,0
DA:11,0
DA:14,0
DA:21,0
DA:26,0
LF:8
LH:0
BRDA:34,0,0,0
BRDA:34,0,1,0
BRF:2
BRH:0
end_of_record
TN:
SF:src/components/IsAuth/index.tsx
FN:22,(anonymous_0)
FN:23,(anonymous_1)
FN:31,(anonymous_2)
FN:39,(anonymous_3)
FN:48,(anonymous_4)
FN:56,(anonymous_5)
FN:65,(anonymous_6)
FN:73,(anonymous_7)
FN:81,(anonymous_8)
FN:108,(anonymous_9)
FN:114,(anonymous_10)
FN:120,(anonymous_11)
FNF:12
FNH:0
FNDA:0,(anonymous_0)
FNDA:0,(anonymous_1)
FNDA:0,(anonymous_2)
FNDA:0,(anonymous_3)
FNDA:0,(anonymous_4)
FNDA:0,(anonymous_5)
FNDA:0,(anonymous_6)
FNDA:0,(anonymous_7)
FNDA:0,(anonymous_8)
FNDA:0,(anonymous_9)
FNDA:0,(anonymous_10)
FNDA:0,(anonymous_11)
DA:22,0
DA:23,0
DA:24,0
DA:27,0
DA:31,0
DA:32,0
DA:40,0
DA:41,0
DA:42,0
DA:49,0
DA:50,0
DA:51,0
DA:57,0
DA:65,0
DA:66,0
DA:73,0
DA:74,0
DA:81,0
DA:82,0
DA:83,0
DA:91,0
DA:101,0
DA:108,0
DA:114,0
DA:120,0
DA:133,0
LF:26
LH:0
BRDA:40,0,0,0
BRDA:40,0,1,0
BRDA:82,1,0,0
BRDA:82,1,1,0
BRF:4
BRH:0
end_of_record
TN:
SF:src/hook/redirects.ts
FNF:0
FNH:0
LF:0
LH:0
BRF:0
BRH:0
end_of_record
TN:
SF:src/screens/dash/index.tsx
FN:7,(anonymous_0)
FNF:1
FNH:0
FNDA:0,(anonymous_0)
DA:7,0
DA:8,0
DA:17,0
LF:3
LH:0
BRF:0
BRH:0
end_of_record
TN:
SF:src/screens/onboarding/index.tsx
FN:14,(anonymous_0)
FN:17,(anonymous_1)
FN:37,(anonymous_2)
FN:43,(anonymous_3)
FNF:4
FNH:0
FNDA:0,(anonymous_0)
FNDA:0,(anonymous_1)
FNDA:0,(anonymous_2)
FNDA:0,(anonymous_3)
DA:14,0
DA:15,0
DA:17,0
DA:18,0
DA:21,0
DA:37,0
DA:43,0
DA:51,0
LF:8
LH:0
BRF:0
BRH:0
end_of_record
TN:
SF:src/screens/signin/index.tsx
FN:27,(anonymous_0)
FN:29,(anonymous_1)
FN:33,(anonymous_2)
FN:40,(anonymous_3)
FN:43,(anonymous_4)
FN:47,(anonymous_5)
FN:48,(anonymous_6)
FN:56,(anonymous_7)
FN:68,(anonymous_8)
FN:74,(anonymous_9)
FN:96,(anonymous_10)
FN:111,(anonymous_11)
FNF:12
FNH:0
FNDA:0,(anonymous_0)
FNDA:0,(anonymous_1)
FNDA:0,(anonymous_2)
FNDA:0,(anonymous_3)
FNDA:0,(anonymous_4)
FNDA:0,(anonymous_5)
FNDA:0,(anonymous_6)
FNDA:0,(anonymous_7)
FNDA:0,(anonymous_8)
FNDA:0,(anonymous_9)
FNDA:0,(anonymous_10)
FNDA:0,(anonymous_11)
DA:27,0
DA:28,0
DA:29,0
DA:30,0
DA:31,0
DA:33,0
DA:34,0
DA:41,0
DA:42,0
DA:43,0
DA:44,0
DA:47,0
DA:49,0
DA:56,0
DA:57,0
DA:58,0
DA:59,0
DA:60,0
DA:62,0
DA:64,0
DA:68,0
DA:69,0
DA:70,0
DA:74,0
DA:75,0
DA:78,0
DA:96,0
DA:111,0
DA:134,0
LF:29
LH:0
BRDA:57,0,0,0
BRDA:57,0,1,0
BRDA:62,1,0,0
BRDA:62,1,1,0
BRDA:69,2,0,0
BRDA:69,2,1,0
BRF:6
BRH:0
end_of_record
TN:
SF:src/screens/signup/index.tsx
FN:18,(anonymous_0)
FN:23,(anonymous_1)
FN:27,(anonymous_2)
FN:30,(anonymous_3)
FN:38,(anonymous_4)
FN:39,(anonymous_5)
FN:74,(anonymous_6)
FN:89,(anonymous_7)
FN:103,(anonymous_8)
FNF:9
FNH:0
FNDA:0,(anonymous_0)
FNDA:0,(anonymous_1)
FNDA:0,(anonymous_2)
FNDA:0,(anonymous_3)
FNDA:0,(anonymous_4)
FNDA:0,(anonymous_5)
FNDA:0,(anonymous_6)
FNDA:0,(anonymous_7)
FNDA:0,(anonymous_8)
DA:18,0
DA:19,0
DA:21,0
DA:23,0
DA:24,0
DA:27,0
DA:28,0
DA:31,0
DA:32,0
DA:38,0
DA:40,0
DA:48,0
DA:74,0
DA:89,0
DA:103,0
DA:126,0
LF:16
LH:0
BRF:0
BRH:0
end_of_record
TN:
SF:src/services/index.ts
FNF:0
FNH:0
DA:3,0
LF:1
LH:0
BRF:0
BRH:0
end_of_record
TN:
SF:src/types/index.ts
FNF:0
FNH:0
LF:0
LH:0
BRF:0
BRH:0
end_of_record
